<?xml version="1.0" encoding="UTF-8"?>
<testng-results skipped="0" failed="0" ignored="0" total="1" passed="1">
  <reporter-output>
  </reporter-output>
  <suite name="Default suite" duration-ms="2441" started-at="2023-05-22T15:57:54 IST" finished-at="2023-05-22T15:57:57 IST">
    <groups>
    </groups>
    <test name="Default test" duration-ms="2441" started-at="2023-05-22T15:57:54 IST" finished-at="2023-05-22T15:57:57 IST">
      <class name="compare.UnitTests">
        <test-method status="PASS" signature="sameContentOfExcelFiles()[pri:0, instance:compare.UnitTests@1e965684]" name="sameContentOfExcelFiles" duration-ms="2410" started-at="2023-05-22T15:57:54 IST" finished-at="2023-05-22T15:57:57 IST">
          <reporter-output>
          </reporter-output>
        </test-method> <!-- sameContentOfExcelFiles -->
      </class> <!-- compare.UnitTests -->
    </test> <!-- Default test -->
  </suite> <!-- Default suite -->
</testng-results>
